La génération a démarré 6/11/2013 16:05:35.
     1>Projet "C:\Users\Ludo\Documents\libpcapandliblo\LibPcapAndLiblo.vcxproj" sur le nœud 2 (build cible(s)).
     1>InitializeBuildStatus:
         Création de "Debug\LibPcapAndLiblo.unsuccessfulbuild", car "AlwaysCreate" a été spécifié.
       ClCompile:
         C:\Program Files (x86)\Microsoft Visual Studio 10.0\VC\bin\CL.exe /c /I.\ /I.\utils /I.\capture /I.\outputs /I.\lib\WpdPack\Include /I.\lib\lo /I.\lib /I.\lib\pthreads\include /ZI /nologo /W3 /WX- /Od /Oy- /D _MBCS /D WIN32 /D WPCAP /D HAVE_REMOTE /D _MBCS /Gm /EHsc /RTC1 /MDd /GS /fp:precise /Zc:wchar_t /Zc:forScope /Fo"Debug\\" /Fd"Debug\vc100.pdb" /Gd /TP /analyze- /errorReport:prompt LibLoAndCap\main.cpp
         main.cpp
       Link:
         C:\Program Files (x86)\Microsoft Visual Studio 10.0\VC\bin\link.exe /ERRORREPORT:PROMPT /OUT:"C:\Users\Ludo\Documents\libpcapandliblo\Debug\LibPcapAndLiblo.exe" /NOLOGO /LIBPATH:.\lib\lo /LIBPATH:.\lib\pthreads\lib\x86 /LIBPATH:.\lib\WpdPack\Lib /LIBPATH:.\capture kernel32.lib user32.lib gdi32.lib winspool.lib comdlg32.lib advapi32.lib shell32.lib ole32.lib oleaut32.lib uuid.lib odbc32.lib odbccp32.lib wpcap.lib Packet.lib ws2_32.lib liblo.lib pthreadVC2.lib kernel32.lib user32.lib gdi32.lib winspool.lib comdlg32.lib advapi32.lib shell32.lib ole32.lib oleaut32.lib uuid.lib odbc32.lib odbccp32.lib /MANIFEST /ManifestFile:"Debug\LibPcapAndLiblo.exe.intermediate.manifest" /MANIFESTUAC:"level='asInvoker' uiAccess='false'" /DEBUG /PDB:"C:\Users\Ludo\Documents\libpcapandliblo\Debug\LibPcapAndLiblo.pdb" /TLBID:1 /DYNAMICBASE /NXCOMPAT /IMPLIB:"C:\Users\Ludo\Documents\libpcapandliblo\Debug\LibPcapAndLiblo.lib" /MACHINE:X86 Debug\PcapHandler.obj
         Debug\main.obj
         Debug\OscHandler.obj
         Debug\OutputsHandler.obj
         Debug\Converter.obj
         LINK : C:\Users\Ludo\Documents\libpcapandliblo\Debug\LibPcapAndLiblo.exe introuvable ou non généré par la dernière édition de liens incrémentielle ; édition de liens complète en cours
         LibPcapAndLiblo.vcxproj -> C:\Users\Ludo\Documents\libpcapandliblo\Debug\LibPcapAndLiblo.exe
       Manifest:
         C:\Program Files (x86)\Microsoft SDKs\Windows\v7.0A\bin\mt.exe /nologo /verbose /outputresource:"C:\Users\Ludo\Documents\libpcapandliblo\Debug\LibPcapAndLiblo.exe;#1" /manifest Debug\LibPcapAndLiblo.exe.intermediate.manifest
       FinalizeBuildStatus:
         Suppression du fichier "Debug\LibPcapAndLiblo.unsuccessfulbuild".
         Mise à jour de l'horodatage "Debug\LibPcapAndLiblo.lastbuildstate".
     1>Génération du projet "C:\Users\Ludo\Documents\libpcapandliblo\LibPcapAndLiblo.vcxproj" terminée (build cible(s)).

La génération a réussi.

Temps écoulé 00:00:01.18
